09:53:10.890 [ INFO] MAESTRO.logSystemInfo: ---- System Info ----
09:53:10.892 [ INFO] MAESTRO.logSystemInfo: Maestro Version: 1.39.0
09:53:10.892 [ INFO] MAESTRO.logSystemInfo: CI: Undefined
09:53:10.892 [ INFO] MAESTRO.logSystemInfo: OS Name: Mac OS X
09:53:10.892 [ INFO] MAESTRO.logSystemInfo: OS Version: 15.7.7
09:53:10.892 [ INFO] MAESTRO.logSystemInfo: Architecture: aarch64
09:53:10.892 [ INFO] MAESTRO.logSystemInfo: Java Version: 26
09:53:11.123 [ INFO] MAESTRO.logSystemInfo: Xcode Version: 26.4
09:53:11.129 [ INFO] MAESTRO.logSystemInfo: Flutter Version: Undefined
09:53:11.133 [ INFO] MAESTRO.logSystemInfo: Flutter Channel: Undefined
09:53:11.133 [ INFO] MAESTRO.logSystemInfo: ---------------------
09:53:11.637 [ INFO] maestro.cli.command.TestCommand.runShardSuite: [shard 1] Selected device 29E3C0AA-B0B8-4FD8-ABAF-608FE055D6FB using port 7001
09:53:11.776 [TRACE] ios.xctest.XCTestIOSDevice.open: Opening a connection
09:53:11.776 [TRACE] xcuitest.XCTestDriverClient.restartXCTestRunner: Restarting XCTest Runner (uninstalling, installing and starting)
09:53:11.776 [TRACE] xcuitest.installer.LocalXCTestInstaller.uninstall$killXCTestRunnerProcess: Will attempt to stop all alive XCTest Runner processes before uninstalling
09:53:12.599 [TRACE] xcuitest.installer.LocalXCTestInstaller.uninstall$killXCTestRunnerProcess: All XCTest Runner processes were stopped
09:53:12.599 [TRACE] xcuitest.installer.LocalXCTestInstaller.uninstall: Uninstalling XCTest Runner from device 29E3C0AA-B0B8-4FD8-ABAF-608FE055D6FB
09:53:12.600 [ INFO] util.CommandLineUtils.runCommand: Running command line operation: [xcrun, simctl, uninstall, 29E3C0AA-B0B8-4FD8-ABAF-608FE055D6FB, dev.mobile.maestro-driver-iosUITests.xctrunner]
09:53:15.456 [TRACE] xcuitest.XCTestDriverClient.restartXCTestRunner: XCTest Runner uninstalled, will install and start it
09:53:15.457 [ INFO] xcuitest.installer.LocalXCTestInstaller.start: start()
09:53:15.457 [TRACE] xcuitest.installer.LocalXCTestInstaller.uninstall$killXCTestRunnerProcess: Will attempt to stop all alive XCTest Runner processes before uninstalling
09:53:16.275 [TRACE] xcuitest.installer.LocalXCTestInstaller.uninstall$killXCTestRunnerProcess: All XCTest Runner processes were stopped
09:53:16.275 [TRACE] xcuitest.installer.LocalXCTestInstaller.uninstall: Uninstalling XCTest Runner from device 29E3C0AA-B0B8-4FD8-ABAF-608FE055D6FB
09:53:16.275 [ INFO] util.CommandLineUtils.runCommand: Running command line operation: [xcrun, simctl, uninstall, 29E3C0AA-B0B8-4FD8-ABAF-608FE055D6FB, dev.mobile.maestro-driver-iosUITests.xctrunner]
09:53:16.388 [ INFO] xcuitest.installer.LocalXCTestInstaller.start: [Start] Install XCUITest runner on 29E3C0AA-B0B8-4FD8-ABAF-608FE055D6FB
09:53:17.194 [ INFO] xcuitest.installer.LocalXCTestInstaller.startXCTestRunner: [Start] Writing xctest run file
09:53:17.195 [ INFO] xcuitest.installer.LocalXCTestInstaller.startXCTestRunner: [Done] Writing xctest run file
09:53:17.196 [ INFO] xcuitest.installer.LocalXCTestInstaller.startXCTestRunner: Not able to find ui test runner app running, going to install now
09:53:17.196 [ INFO] xcuitest.installer.LocalXCTestInstaller.startXCTestRunner: [Start] Writing maestro-driver-iosUITests-Runner app
09:53:17.501 [ INFO] xcuitest.installer.LocalXCTestInstaller.startXCTestRunner: [Done] Writing maestro-driver-iosUITests-Runner app
09:53:17.501 [ INFO] xcuitest.installer.LocalXCTestInstaller.startXCTestRunner: [Start] Writing maestro-driver-ios app
09:53:17.511 [ INFO] xcuitest.installer.LocalXCTestInstaller.startXCTestRunner: [Done] Writing maestro-driver-ios app
09:53:17.511 [ INFO] xcuitest.installer.LocalXCTestInstaller.startXCTestRunner: [Start] Running XcUITest with `xcodebuild test-without-building`
09:53:17.512 [ INFO] util.CommandLineUtils.runCommand: Running command line operation: [xcodebuild, test-without-building, -xctestrun, /var/folders/m8/j8x039qj43lc69vsf200z40h0000gn/T/29E3C0AA-B0B8-4FD8-ABAF-608FE055D6FB/maestro-driver-ios-config.xctestrun, -destination, id=29E3C0AA-B0B8-4FD8-ABAF-608FE055D6FB, -derivedDataPath, /var/folders/m8/j8x039qj43lc69vsf200z40h0000gn/T/maestro_xctestrunner_xcodebuild_output8146807989384841831]
09:53:17.516 [ INFO] xcuitest.installer.LocalXCTestInstaller.startXCTestRunner: [Done] Running XcUITest with `xcodebuild test-without-building`
09:53:17.516 [ INFO] xcuitest.installer.LocalXCTestInstaller.start: [Done] Install XCUITest runner on 29E3C0AA-B0B8-4FD8-ABAF-608FE055D6FB
09:53:17.516 [ INFO] xcuitest.installer.LocalXCTestInstaller.start: [Start] Ensure XCUITest runner is running on 29E3C0AA-B0B8-4FD8-ABAF-608FE055D6FB
09:53:17.516 [ INFO] xcuitest.installer.LocalXCTestInstaller.ensureOpen: ensureOpen(): Will spend 120000 ms waiting for the channel to become alive
09:53:24.227 [ INFO] xcuitest.installer.LocalXCTestInstaller.xcTestDriverStatusCheck: [Start] Perform XCUITest driver status check on 29E3C0AA-B0B8-4FD8-ABAF-608FE055D6FB
09:53:24.230 [ INFO] xcuitest.installer.LocalXCTestInstaller.xcTestDriverStatusCheck: [Failed] Perform XCUITest driver status check on 29E3C0AA-B0B8-4FD8-ABAF-608FE055D6FB, exception: java.net.ConnectException: Failed to connect to /[0:0:0:0:0:0:0:1]:7001
09:53:25.507 [ INFO] xcuitest.installer.LocalXCTestInstaller.xcTestDriverStatusCheck: [Start] Perform XCUITest driver status check on 29E3C0AA-B0B8-4FD8-ABAF-608FE055D6FB
09:53:25.510 [ INFO] xcuitest.installer.LocalXCTestInstaller.xcTestDriverStatusCheck: [Failed] Perform XCUITest driver status check on 29E3C0AA-B0B8-4FD8-ABAF-608FE055D6FB, exception: java.net.ConnectException: Failed to connect to /[0:0:0:0:0:0:0:1]:7001
09:53:26.623 [ INFO] xcuitest.installer.LocalXCTestInstaller.xcTestDriverStatusCheck: [Start] Perform XCUITest driver status check on 29E3C0AA-B0B8-4FD8-ABAF-608FE055D6FB
09:53:26.626 [ INFO] xcuitest.installer.LocalXCTestInstaller.xcTestDriverStatusCheck: [Failed] Perform XCUITest driver status check on 29E3C0AA-B0B8-4FD8-ABAF-608FE055D6FB, exception: java.net.ConnectException: Failed to connect to /[0:0:0:0:0:0:0:1]:7001
09:53:27.977 [ INFO] xcuitest.installer.LocalXCTestInstaller.xcTestDriverStatusCheck: [Start] Perform XCUITest driver status check on 29E3C0AA-B0B8-4FD8-ABAF-608FE055D6FB
09:53:27.979 [ INFO] xcuitest.installer.LocalXCTestInstaller.xcTestDriverStatusCheck: [Failed] Perform XCUITest driver status check on 29E3C0AA-B0B8-4FD8-ABAF-608FE055D6FB, exception: java.net.ConnectException: Failed to connect to /[0:0:0:0:0:0:0:1]:7001
09:53:29.075 [ INFO] xcuitest.installer.LocalXCTestInstaller.xcTestDriverStatusCheck: [Start] Perform XCUITest driver status check on 29E3C0AA-B0B8-4FD8-ABAF-608FE055D6FB
09:53:29.095 [ INFO] xcuitest.installer.LocalXCTestInstaller.xcTestDriverStatusCheck: [Done] Perform XCUITest driver status check on 29E3C0AA-B0B8-4FD8-ABAF-608FE055D6FB
09:53:29.095 [ INFO] xcuitest.installer.LocalXCTestInstaller.ensureOpen: ensureOpen() finished, is channel alive?: true
09:53:29.095 [ INFO] xcuitest.installer.LocalXCTestInstaller.start: [Done] Ensure XCUITest runner is running on 29E3C0AA-B0B8-4FD8-ABAF-608FE055D6FB
09:53:29.111 [ INFO] maestro.Maestro.invoke: Getting device info
09:53:29.237 [ INFO] ios.xctest.XCTestIOSDevice.invoke: Device info DeviceInfo(widthPixels=1488, heightPixels=2266, widthPoints=744, heightPoints=1133)
09:53:29.237 [ INFO] maestro.Maestro.invoke: Got device info: DeviceInfo(platform=IOS, widthPixels=1488, heightPixels=2266, widthGrid=744, heightGrid=1133)
09:53:29.365 [ INFO] maestro.cli.runner.MaestroCommandRunner.invoke: Define variables RUNNING
09:53:29.369 [ INFO] maestro.cli.runner.MaestroCommandRunner.invoke: Define variables metadata CommandMetadata(numberOfRuns=null, evaluatedCommand=MaestroCommand(defineVariablesCommand=DefineVariablesCommand(env={MAESTRO_FILENAME=05-tablet-planning-shell}, label=null, optional=false)), logMessages=[], insight=Insight(message=, level=NONE))
09:53:29.371 [ INFO] maestro.cli.runner.MaestroCommandRunner.invoke: Define variables COMPLETED
09:53:29.371 [ INFO] maestro.cli.runner.MaestroCommandRunner.invoke: Apply configuration RUNNING
09:53:29.371 [ INFO] maestro.cli.runner.MaestroCommandRunner.invoke: Apply configuration metadata CommandMetadata(numberOfRuns=null, evaluatedCommand=MaestroCommand(applyConfigurationCommand=ApplyConfigurationCommand(config=MaestroConfig(appId=com.gmacko.bob.dev, name=null, tags=[], ext={}, onFlowStart=null, onFlowComplete=null), label=null, optional=false)), logMessages=[], insight=Insight(message=, level=NONE))
09:53:29.371 [ INFO] maestro.cli.runner.MaestroCommandRunner.invoke: Apply configuration COMPLETED
09:53:29.372 [ INFO] maestro.cli.runner.MaestroCommandRunner.invoke: Launch app "com.gmacko.bob.dev" with clear state RUNNING
09:53:29.372 [ INFO] maestro.cli.runner.MaestroCommandRunner.invoke: Launch app "com.gmacko.bob.dev" with clear state metadata CommandMetadata(numberOfRuns=null, evaluatedCommand=MaestroCommand(launchAppCommand=LaunchAppCommand(appId=com.gmacko.bob.dev, clearState=true, clearKeychain=null, stopApp=null, permissions=null, launchArguments=null, label=null, optional=false)), logMessages=[], insight=Insight(message=, level=NONE))
09:53:29.372 [ INFO] maestro.Maestro.clearAppState: Clearing app state com.gmacko.bob.dev
09:53:31.484 [ INFO] util.CommandLineUtils.runCommand: Running command line operation: [/Users/mackieg/.maestro/deps/applesimutils, --byId, 29E3C0AA-B0B8-4FD8-ABAF-608FE055D6FB, --bundle, com.gmacko.bob.dev, --setPermissions, calendar=YES,camera=YES,contacts=YES,faceid=YES,homekit=YES,medialibrary=YES,microphone=YES,motion=YES,photos=YES,reminders=YES,siri=YES,speech=YES,userTracking=YES]
09:53:31.649 [ INFO] util.CommandLineUtils.runCommand: Running command line operation: [xcrun, simctl, privacy, 29E3C0AA-B0B8-4FD8-ABAF-608FE055D6FB, grant, location-always, com.gmacko.bob.dev]
09:53:31.782 [ INFO] maestro.Maestro.launchApp: Launching app com.gmacko.bob.dev
09:53:31.890 [ INFO] util.CommandLineUtils.runCommand: Running command line operation: [xcrun, simctl, spawn, 29E3C0AA-B0B8-4FD8-ABAF-608FE055D6FB, launchctl, setenv, MAESTRO_SESSION_ID, e3baceed-ca9a-48b4-84f6-b58807e97879]
09:53:32.697 [ INFO] util.CommandLineUtils.runCommand: Running command line operation: [xcrun, simctl, launch, 29E3C0AA-B0B8-4FD8-ABAF-608FE055D6FB, com.gmacko.bob.dev]
09:53:33.716 [ INFO] maestro.cli.runner.MaestroCommandRunner.invoke: Launch app "com.gmacko.bob.dev" with clear state COMPLETED
09:53:33.717 [ INFO] maestro.cli.runner.MaestroCommandRunner.invoke: Open exp+bob://expo-development-client/?url=http%3A%2F%2F192.168.8.229%3A8081 RUNNING
09:53:33.717 [ INFO] maestro.cli.runner.MaestroCommandRunner.invoke: Open exp+bob://expo-development-client/?url=http%3A%2F%2F192.168.8.229%3A8081 metadata CommandMetadata(numberOfRuns=null, evaluatedCommand=MaestroCommand(openLinkCommand=OpenLinkCommand(link=exp+bob://expo-development-client/?url=http%3A%2F%2F192.168.8.229%3A8081, autoVerify=false, browser=false, label=null, optional=false)), logMessages=[], insight=Insight(message=, level=NONE))
09:53:33.718 [ INFO] maestro.Maestro.openLink: Opening link exp+bob://expo-development-client/?url=http%3A%2F%2F192.168.8.229%3A8081 for app: com.gmacko.bob.dev with autoVerify config as false
09:53:33.718 [ INFO] util.CommandLineUtils.runCommand: Running command line operation: [xcrun, simctl, openurl, 29E3C0AA-B0B8-4FD8-ABAF-608FE055D6FB, exp+bob://expo-development-client/?url=http%3A%2F%2F192.168.8.229%3A8081]
09:53:35.321 [ INFO] ios.IOSDevice.waitForAppToSettle-5RpGHs4: Waiting for animation to end with timeout 3000
09:53:35.614 [ INFO] ios.xctest.XCTestIOSDevice.invoke: Screen diff request finished with isScreenStatic = false
09:53:35.614 [ INFO] ios.IOSDevice.invoke: screen static = false
09:53:35.887 [ INFO] ios.xctest.XCTestIOSDevice.invoke: Screen diff request finished with isScreenStatic = true
09:53:35.887 [ INFO] ios.IOSDevice.invoke: screen static = true
09:53:35.887 [ INFO] maestro.cli.runner.MaestroCommandRunner.invoke: Open exp+bob://expo-development-client/?url=http%3A%2F%2F192.168.8.229%3A8081 COMPLETED
09:53:35.888 [ INFO] maestro.cli.runner.MaestroCommandRunner.invoke: Tap on (Optional) "Bob \(Dev\)" RUNNING
09:53:35.888 [ INFO] maestro.cli.runner.MaestroCommandRunner.invoke: Tap on (Optional) "Bob \(Dev\)" metadata CommandMetadata(numberOfRuns=null, evaluatedCommand=MaestroCommand(tapOnElementCommand=TapOnElementCommand(selector=ElementSelector(textRegex=Bob \(Dev\), idRegex=null, size=null, below=null, above=null, leftOf=null, rightOf=null, containsChild=null, containsDescendants=null, traits=null, index=null, enabled=null, optional=true, selected=null, checked=null, focused=null, childOf=null), retryIfNoChange=true, waitUntilVisible=false, longPress=false, repeat=null, waitToSettleTimeoutMs=null, label=null, optional=true)), logMessages=[], insight=Insight(message=, level=NONE))
09:53:36.019 [ INFO] ios.xctest.XCTestIOSDevice.invoke: Device info DeviceInfo(widthPixels=1488, heightPixels=2266, widthPoints=744, heightPoints=1133)
09:53:36.020 [ INFO] ios.IOSDevice.viewHierarchy: Requesting view hierarchy of the screen
09:53:36.657 [TRACE] ios.xctest.XCTestIOSDevice.invoke: Depth received: 31
09:53:36.657 [ INFO] ios.IOSDevice.viewHierarchy: Depth of the screen is 31
09:53:36.657 [ INFO] maestro.cli.runner.MaestroCommandRunner.invoke: Tap on (Optional) "Bob \(Dev\)" metadata CommandMetadata(numberOfRuns=null, evaluatedCommand=MaestroCommand(tapOnElementCommand=TapOnElementCommand(selector=ElementSelector(textRegex=Bob \(Dev\), idRegex=null, size=null, below=null, above=null, leftOf=null, rightOf=null, containsChild=null, containsDescendants=null, traits=null, index=null, enabled=null, optional=true, selected=null, checked=null, focused=null, childOf=null), retryIfNoChange=true, waitUntilVisible=false, longPress=false, repeat=null, waitToSettleTimeoutMs=null, label=null, optional=true)), logMessages=[], insight=Insight(message=, level=NONE))
09:53:36.662 [ INFO] maestro.Maestro.tap-BUbHBYE: Tapping on element:  UiElement(treeNode=TreeNode(attributes={accessibilityText=Bob (Dev), title=, value=, text=, hintText=, resource-id=card:com.gmacko.bob.dev:sceneID:com.gmacko.bob.dev-default, bounds=[0,0][744,1133], enabled=true, focused=false, selected=false, checked=false}, children=[TreeNode(attributes={accessibilityText=, title=, value=, text=, hintText=, resource-id=, bounds=[0,0][744,1133], enabled=true, focused=false, selected=false, checked=false}, children=[TreeNode(attributes={accessibilityText=, title=, value=, text=, hintText=, resource-id=, bounds=[0,0][744,1133], enabled=true, focused=false, selected=false, checked=false}, children=[TreeNode(attributes={accessibilityText=, title=, value=, text=, hintText=, resource-id=, bounds=[-294,-196][1038,1329], enabled=true, focused=false, selected=false, checked=false}, children=[TreeNode(attributes={accessibilityText=, title=, value=, text=, hintText=, resource-id=, bounds=[0,0][744,1133], enabled=true, focused=false, selected=false, checked=false}, children=[TreeNode(attributes={accessibilityText=, title=, value=, text=, hintText=, resource-id=, bounds=[0,0][744,1133], enabled=true, focused=false, selected=false, checked=false}, children=[TreeNode(attributes={accessibilityText=, title=, value=, text=, hintText=, resource-id=, bounds=[0,0][1116,1133], enabled=true, focused=false, selected=false, checked=false}, children=[TreeNode(attributes={accessibilityText=, title=, value=, text=, hintText=, resource-id=, bounds=[0,0][744,1133], enabled=true, focused=false, selected=false, checked=false}, children=[TreeNode(attributes={accessibilityText=, title=, value=, text=, hintText=, resource-id=, bounds=[0,0][744,1133], enabled=true, focused=false, selected=false, checked=false}, children=[TreeNode(attributes={accessibilityText=, title=, value=, text=, hintText=, resource-id=, bounds=[0,0][744,1133], enabled=true, focused=false, selected=false, checked=false}, children=[], clickable=null, enabled=true, focused=false, checked=false, selected=false)], clickable=null, enabled=true, focused=false, checked=false, selected=false), TreeNode(attributes={accessibilityText=, title=, value=, text=, hintText=, resource-id=, bounds=[0,0][744,1133], enabled=true, focused=false, selected=false, checked=false}, children=[TreeNode(attributes={accessibilityText=, title=, value=, text=, hintText=, resource-id=, bounds=[0,0][744,1133], enabled=true, focused=false, selected=false, checked=false}, children=[TreeNode(attributes={accessibilityText=, title=, value=, text=, hintText=, resource-id=, bounds=[0,0][744,1133], enabled=true, focused=false, selected=false, checked=false}, children=[TreeNode(attributes={accessibilityText=, title=, value=, text=, hintText=, resource-id=, bounds=[0,0][744,1133], enabled=true, focused=false, selected=false, checked=false}, children=[TreeNode(attributes={accessibilityText=, title=, value=, text=, hintText=, resource-id=, bounds=[0,0][744,1133], enabled=true, focused=false, selected=false, checked=false}, children=[TreeNode(attributes={accessibilityText=, title=, value=, text=, hintText=, resource-id=, bounds=[0,0][744,1133], enabled=true, focused=false, selected=false, checked=false}, children=[TreeNode(attributes={accessibilityText=, title=, value=, text=, hintText=, resource-id=, bounds=[0,0][744,1133], enabled=true, focused=false, selected=false, checked=false}, children=[TreeNode(attributes={accessibilityText=, title=, value=, text=, hintText=, resource-id=, bounds=[0,0][744,1133], enabled=true, focused=false, selected=false, checked=false}, children=[TreeNode(attributes={accessibilityText=, title=, value=, text=, hintText=, resource-id=, bounds=[0,0][744,1133], enabled=true, focused=false, selected=false, checked=false}, children=[TreeNode(attributes={accessibilityText=, title=, value=, text=, hintText=, resource-id=, bounds=[0,0][744,1133], enabled=true, focused=false, selected=false, checked=false}, children=[TreeNode(attributes={accessibilityText=, title=, value=, text=, hintText=, resource-id=, bounds=[712,0][744,1133], enabled=true, focused=false, selected=false, checked=false}, children=[TreeNode(attributes={accessibilityText=, title=, value=, text=, hintText=, resource-id=, bounds=[712,0][744,1133], enabled=true, focused=false, selected=false, checked=false}, children=[TreeNode(attributes={accessibilityText=, title=, value=, text=, hintText=, resource-id=, bounds=[712,0][744,1133], enabled=true, focused=false, selected=false, checked=false}, children=[TreeNode(attributes={accessibilityText=, title=, value=, text=, hintText=, resource-id=, bounds=[719,16][737,34], enabled=true, focused=false, selected=false, checked=false}, children=[], clickable=null, enabled=true, focused=false, checked=false, selected=false), TreeNode(attributes={accessibilityText=, title=, value=, text=, hintText=, resource-id=, bounds=[723,16][733,528], enabled=true, focused=false, selected=false, checked=false}, children=[TreeNode(attributes={accessibilityText=09:53, title=, value=, text=, hintText=, resource-id=, bounds=[719,16][736,56], enabled=true, focused=false, selected=false, checked=false}, children=[], clickable=null, enabled=true, focused=false, checked=false, selected=false), TreeNode(attributes={accessibilityText=Sun May 31, title=, value=, text=, hintText=, resource-id=, bounds=[719,66][736,142], enabled=true, focused=false, selected=false, checked=false}, children=[], clickable=null, enabled=true, focused=false, checked=false, selected=false)], clickable=null, enabled=true, focused=false, checked=false, selected=false), TreeNode(attributes={accessibilityText=, title=, value=, text=, hintText=, resource-id=, bounds=[719,557][737,575], enabled=true, focused=false, selected=false, checked=false}, children=[], clickable=null, enabled=true, focused=false, checked=false, selected=false), TreeNode(attributes={accessibilityText=, title=, value=, text=, hintText=, resource-id=, bounds=[723,604][733,1118], enabled=true, focused=false, selected=false, checked=false}, children=[TreeNode(attributes={accessibilityText=, title=, value=SSID, 3 of 3 Wi-Fi bars, text=SSID, 3 of 3 Wi-Fi bars, hintText=, resource-id=3 of 3 Wi-Fi bars, bounds=[723,1029][733,1044], enabled=true, focused=false, selected=false, checked=false}, children=[], clickable=null, enabled=true, focused=false, checked=false, selected=false), TreeNode(attributes={accessibilityText=100%, title=, value=, text=, hintText=, resource-id=, bounds=[719,1048][736,1088], enabled=true, focused=false, selected=false, checked=false}, children=[], clickable=null, enabled=true, focused=false, checked=false, selected=false), TreeNode(attributes={accessibilityText=100% battery power, title=, value=Not charging, text=Not charging, hintText=, resource-id=, bounds=[721,1090][734,1118], enabled=true, focused=false, selected=false, checked=false}, children=[], clickable=null, enabled=true, focused=false, checked=false, selected=false)], clickable=null, enabled=true, focused=false, checked=false, selected=false), TreeNode(attributes={accessibilityText=, title=, value=, text=, hintText=, resource-id=, bounds=[719,1100][737,1118], enabled=true, focused=false, selected=false, checked=false}, children=[], clickable=null, enabled=true, focused=false, checked=false, selected=false)], clickable=null, enabled=true, focused=false, checked=false, selected=false)], clickable=null, enabled=true, focused=false, checked=false, selected=false)], clickable=null, enabled=true, focused=false, checked=false, selected=false)], clickable=null, enabled=true, focused=false, checked=false, selected=false)], clickable=null, enabled=true, focused=false, checked=false, selected=false)], clickable=null, enabled=true, focused=false, checked=false, selected=false), TreeNode(attributes={accessibilityText=, title=, value=, text=, hintText=, resource-id=, bounds=[0,0][744,1133], enabled=true, focused=false, selected=false, checked=false}, children=[TreeNode(attributes={accessibilityText=, title=, value=, text=, hintText=, resource-id=, bounds=[0,0][744,1133], enabled=true, focused=false, selected=false, checked=false}, children=[TreeNode(attributes={accessibilityText=, title=, value=, text=, hintText=, resource-id=, bounds=[0,0][744,1133], enabled=true, focused=false, selected=false, checked=false}, children=[], clickable=null, enabled=true, focused=false, checked=false, selected=false)], clickable=null, enabled=true, focused=false, checked=false, selected=false)], clickable=null, enabled=true, focused=false, checked=false, selected=false)], clickable=null, enabled=true, focused=false, checked=false, selected=false), TreeNode(attributes={accessibilityText=, title=, value=, text=, hintText=, resource-id=, bounds=[0,0][744,1133], enabled=true, focused=false, selected=false, checked=false}, children=[], clickable=null, enabled=true, focused=false, checked=false, selected=false)], clickable=null, enabled=true, focused=false, checked=false, selected=false)], clickable=null, enabled=true, focused=false, checked=false, selected=false)], clickable=null, enabled=true, focused=false, checked=false, selected=false)], clickable=null, enabled=true, focused=false, checked=false, selected=false)], clickable=null, enabled=true, focused=false, checked=false, selected=false), TreeNode(attributes={accessibilityText=, title=, value=, text=, hintText=, resource-id=, bounds=[0,0][744,1133], enabled=true, focused=false, selected=false, checked=false}, children=[], clickable=null, enabled=true, focused=false, checked=false, selected=false), TreeNode(attributes={accessibilityText=, title=, value=, text=, hintText=, resource-id=, bounds=[0,0][712,1133], enabled=true, focused=false, selected=false, checked=false}, children=[], clickable=null, enabled=true, focused=false, checked=false, selected=false)], clickable=null, enabled=true, focused=false, checked=false, selected=false), TreeNode(attributes={accessibilityText=Resize Bob (Dev), title=, value=Bottom Right, text=Bottom Right, hintText=, resource-id=resize-grabber, bounds=[-20,1113][20,1153], enabled=true, focused=false, selected=false, checked=false}, children=[], clickable=null, enabled=true, focused=false, checked=false, selected=false)], clickable=null, enabled=true, focused=false, checked=false, selected=false)], clickable=null, enabled=true, focused=false, checked=false, selected=false)], clickable=null, enabled=true, focused=false, checked=false, selected=false)], clickable=null, enabled=true, focused=false, checked=false, selected=false)], clickable=null, enabled=true, focused=false, checked=false, selected=false)], clickable=null, enabled=true, focused=false, checked=false, selected=false)], clickable=null, enabled=true, focused=false, checked=false, selected=false)], clickable=null, enabled=true, focused=false, checked=false, selected=false), bounds=Bounds(x=0, y=0, width=744, height=1133))
09:53:36.662 [ INFO] ios.IOSDevice.waitForAppToSettle-5RpGHs4: Waiting for animation to end with timeout 3000
09:53:36.912 [ INFO] ios.xctest.XCTestIOSDevice.invoke: Screen diff request finished with isScreenStatic = true
09:53:36.912 [ INFO] ios.IOSDevice.invoke: screen static = true
09:53:36.913 [ INFO] maestro.Maestro.tap-BUbHBYE: Refreshed element
09:53:36.914 [ INFO] maestro.Maestro.screenshotBasedTap-hbl3e4M: Tapping at (372, 566) using screenshot based logic for wait
09:53:37.481 [ INFO] ios.IOSDevice.waitForAppToSettle-5RpGHs4: Waiting for animation to end with timeout 3000
09:53:37.752 [ INFO] ios.xctest.XCTestIOSDevice.invoke: Screen diff request finished with isScreenStatic = true
09:53:37.752 [ INFO] ios.IOSDevice.invoke: screen static = true
09:53:37.752 [ INFO] maestro.Maestro.screenshotBasedTap-hbl3e4M: Something has changed in the UI judging by view hierarchy. Proceed.
09:53:37.753 [ INFO] maestro.cli.runner.MaestroCommandRunner.invoke: Tap on (Optional) "Bob \(Dev\)" COMPLETED
09:53:37.753 [ INFO] maestro.cli.runner.MaestroCommandRunner.invoke: Assert that "DEVELOPMENT SERVERS" is not visible RUNNING
09:53:37.753 [ INFO] maestro.cli.runner.MaestroCommandRunner.invoke: Assert that "DEVELOPMENT SERVERS" is not visible metadata CommandMetadata(numberOfRuns=null, evaluatedCommand=MaestroCommand(assertConditionCommand=AssertConditionCommand(condition=Condition(platform=null, visible=null, notVisible=ElementSelector(textRegex=DEVELOPMENT SERVERS, idRegex=null, size=null, below=null, above=null, leftOf=null, rightOf=null, containsChild=null, containsDescendants=null, traits=null, index=null, enabled=null, optional=false, selected=null, checked=null, focused=null, childOf=null), scriptCondition=null, label=null), timeout=30000, label=null, optional=false)), logMessages=[], insight=Insight(message=, level=NONE))
09:53:37.780 [ INFO] ios.xctest.XCTestIOSDevice.invoke: Device info DeviceInfo(widthPixels=1488, heightPixels=2266, widthPoints=744, heightPoints=1133)
09:53:37.781 [ INFO] ios.IOSDevice.viewHierarchy: Requesting view hierarchy of the screen
09:53:38.422 [TRACE] ios.xctest.XCTestIOSDevice.invoke: Depth received: 31
09:53:38.422 [ INFO] ios.IOSDevice.viewHierarchy: Depth of the screen is 31
09:53:38.422 [ INFO] maestro.cli.runner.MaestroCommandRunner.invoke: Assert that "DEVELOPMENT SERVERS" is not visible metadata CommandMetadata(numberOfRuns=null, evaluatedCommand=MaestroCommand(assertConditionCommand=AssertConditionCommand(condition=Condition(platform=null, visible=null, notVisible=ElementSelector(textRegex=DEVELOPMENT SERVERS, idRegex=null, size=null, below=null, above=null, leftOf=null, rightOf=null, containsChild=null, containsDescendants=null, traits=null, index=null, enabled=null, optional=false, selected=null, checked=null, focused=null, childOf=null), scriptCondition=null, label=null), timeout=30000, label=null, optional=false)), logMessages=[], insight=Insight(message=, level=NONE))
09:53:38.517 [ INFO] ios.xctest.XCTestIOSDevice.invoke: Device info DeviceInfo(widthPixels=1488, heightPixels=2266, widthPoints=744, heightPoints=1133)
09:53:38.517 [ INFO] ios.IOSDevice.viewHierarchy: Requesting view hierarchy of the screen
09:53:38.891 [TRACE] ios.xctest.XCTestIOSDevice.invoke: Depth received: 31
09:53:38.891 [ INFO] ios.IOSDevice.viewHierarchy: Depth of the screen is 31
09:53:38.891 [ INFO] maestro.cli.runner.MaestroCommandRunner.invoke: Assert that "DEVELOPMENT SERVERS" is not visible metadata CommandMetadata(numberOfRuns=null, evaluatedCommand=MaestroCommand(assertConditionCommand=AssertConditionCommand(condition=Condition(platform=null, visible=null, notVisible=ElementSelector(textRegex=DEVELOPMENT SERVERS, idRegex=null, size=null, below=null, above=null, leftOf=null, rightOf=null, containsChild=null, containsDescendants=null, traits=null, index=null, enabled=null, optional=false, selected=null, checked=null, focused=null, childOf=null), scriptCondition=null, label=null), timeout=30000, label=null, optional=false)), logMessages=[], insight=Insight(message=, level=NONE))
09:53:38.892 [ INFO] maestro.cli.runner.MaestroCommandRunner.invoke: Assert that "DEVELOPMENT SERVERS" is not visible COMPLETED
09:53:38.892 [ INFO] maestro.cli.runner.MaestroCommandRunner.invoke: Tap on (Optional) "Continue" RUNNING
09:53:38.892 [ INFO] maestro.cli.runner.MaestroCommandRunner.invoke: Tap on (Optional) "Continue" metadata CommandMetadata(numberOfRuns=null, evaluatedCommand=MaestroCommand(tapOnElementCommand=TapOnElementCommand(selector=ElementSelector(textRegex=Continue, idRegex=null, size=null, below=null, above=null, leftOf=null, rightOf=null, containsChild=null, containsDescendants=null, traits=null, index=null, enabled=null, optional=true, selected=null, checked=null, focused=null, childOf=null), retryIfNoChange=true, waitUntilVisible=false, longPress=false, repeat=null, waitToSettleTimeoutMs=null, label=null, optional=true)), logMessages=[], insight=Insight(message=, level=NONE))
09:53:38.939 [ INFO] ios.xctest.XCTestIOSDevice.invoke: Device info DeviceInfo(widthPixels=1488, heightPixels=2266, widthPoints=744, heightPoints=1133)
09:53:38.939 [ INFO] ios.IOSDevice.viewHierarchy: Requesting view hierarchy of the screen
09:53:39.287 [TRACE] ios.xctest.XCTestIOSDevice.invoke: Depth received: 31
09:53:39.287 [ INFO] ios.IOSDevice.viewHierarchy: Depth of the screen is 31
09:53:39.287 [ INFO] maestro.cli.runner.MaestroCommandRunner.invoke: Tap on (Optional) "Continue" metadata CommandMetadata(numberOfRuns=null, evaluatedCommand=MaestroCommand(tapOnElementCommand=TapOnElementCommand(selector=ElementSelector(textRegex=Continue, idRegex=null, size=null, below=null, above=null, leftOf=null, rightOf=null, containsChild=null, containsDescendants=null, traits=null, index=null, enabled=null, optional=true, selected=null, checked=null, focused=null, childOf=null), retryIfNoChange=true, waitUntilVisible=false, longPress=false, repeat=null, waitToSettleTimeoutMs=null, label=null, optional=true)), logMessages=[], insight=Insight(message=, level=NONE))
09:53:39.289 [ INFO] maestro.Maestro.tap-BUbHBYE: Tapping on element:  UiElement(treeNode=TreeNode(attributes={accessibilityText=Continue, title=, value=, text=, hintText=, resource-id=, bounds=[114,611][1018,657], enabled=true, focused=false, selected=false, checked=false}, children=[], clickable=null, enabled=true, focused=false, checked=false, selected=false), bounds=Bounds(x=114, y=611, width=904, height=46))
09:53:39.289 [ INFO] ios.IOSDevice.waitForAppToSettle-5RpGHs4: Waiting for animation to end with timeout 3000
09:53:39.593 [ INFO] ios.xctest.XCTestIOSDevice.invoke: Screen diff request finished with isScreenStatic = true
09:53:39.593 [ INFO] ios.IOSDevice.invoke: screen static = true
09:53:39.594 [ INFO] maestro.Maestro.tap-BUbHBYE: Refreshed element
09:53:39.594 [ INFO] maestro.Maestro.screenshotBasedTap-hbl3e4M: Tapping at (566, 634) using screenshot based logic for wait
09:53:40.007 [ INFO] ios.IOSDevice.waitForAppToSettle-5RpGHs4: Waiting for animation to end with timeout 3000
09:53:40.276 [ INFO] ios.xctest.XCTestIOSDevice.invoke: Screen diff request finished with isScreenStatic = false
09:53:40.277 [ INFO] ios.IOSDevice.invoke: screen static = false
09:53:40.593 [ INFO] ios.xctest.XCTestIOSDevice.invoke: Screen diff request finished with isScreenStatic = true
09:53:40.593 [ INFO] ios.IOSDevice.invoke: screen static = true
09:53:40.594 [ INFO] maestro.Maestro.screenshotBasedTap-hbl3e4M: Something has changed in the UI judging by view hierarchy. Proceed.
09:53:40.594 [ INFO] maestro.cli.runner.MaestroCommandRunner.invoke: Tap on (Optional) "Continue" COMPLETED
09:53:40.594 [ INFO] maestro.cli.runner.MaestroCommandRunner.invoke: Tap on (Optional) "Close" RUNNING
09:53:40.594 [ INFO] maestro.cli.runner.MaestroCommandRunner.invoke: Tap on (Optional) "Close" metadata CommandMetadata(numberOfRuns=null, evaluatedCommand=MaestroCommand(tapOnElementCommand=TapOnElementCommand(selector=ElementSelector(textRegex=Close, idRegex=null, size=null, below=null, above=null, leftOf=null, rightOf=null, containsChild=null, containsDescendants=null, traits=null, index=null, enabled=null, optional=true, selected=null, checked=null, focused=null, childOf=null), retryIfNoChange=true, waitUntilVisible=false, longPress=false, repeat=null, waitToSettleTimeoutMs=null, label=null, optional=true)), logMessages=[], insight=Insight(message=, level=NONE))
09:53:40.717 [ INFO] ios.xctest.XCTestIOSDevice.invoke: Device info DeviceInfo(widthPixels=1488, heightPixels=2266, widthPoints=744, heightPoints=1133)
09:53:40.718 [ INFO] ios.IOSDevice.viewHierarchy: Requesting view hierarchy of the screen
09:53:41.017 [TRACE] ios.xctest.XCTestIOSDevice.invoke: Depth received: 31
09:53:41.017 [ INFO] ios.IOSDevice.viewHierarchy: Depth of the screen is 31
09:53:41.017 [ INFO] maestro.cli.runner.MaestroCommandRunner.invoke: Tap on (Optional) "Close" metadata CommandMetadata(numberOfRuns=null, evaluatedCommand=MaestroCommand(tapOnElementCommand=TapOnElementCommand(selector=ElementSelector(textRegex=Close, idRegex=null, size=null, below=null, above=null, leftOf=null, rightOf=null, containsChild=null, containsDescendants=null, traits=null, index=null, enabled=null, optional=true, selected=null, checked=null, focused=null, childOf=null), retryIfNoChange=true, waitUntilVisible=false, longPress=false, repeat=null, waitToSettleTimeoutMs=null, label=null, optional=true)), logMessages=[], insight=Insight(message=, level=NONE))
09:53:41.141 [ INFO] ios.xctest.XCTestIOSDevice.invoke: Device info DeviceInfo(widthPixels=1488, heightPixels=2266, widthPoints=744, heightPoints=1133)
09:53:41.141 [ INFO] ios.IOSDevice.viewHierarchy: Requesting view hierarchy of the screen
09:53:41.441 [TRACE] ios.xctest.XCTestIOSDevice.invoke: Depth received: 31
09:53:41.441 [ INFO] ios.IOSDevice.viewHierarchy: Depth of the screen is 31
09:53:41.441 [ INFO] maestro.cli.runner.MaestroCommandRunner.invoke: Tap on (Optional) "Close" metadata CommandMetadata(numberOfRuns=null, evaluatedCommand=MaestroCommand(tapOnElementCommand=TapOnElementCommand(selector=ElementSelector(textRegex=Close, idRegex=null, size=null, below=null, above=null, leftOf=null, rightOf=null, containsChild=null, containsDescendants=null, traits=null, index=null, enabled=null, optional=true, selected=null, checked=null, focused=null, childOf=null), retryIfNoChange=true, waitUntilVisible=false, longPress=false, repeat=null, waitToSettleTimeoutMs=null, label=null, optional=true)), logMessages=[], insight=Insight(message=, level=NONE))
09:53:41.564 [ INFO] ios.xctest.XCTestIOSDevice.invoke: Device info DeviceInfo(widthPixels=1488, heightPixels=2266, widthPoints=744, heightPoints=1133)
09:53:41.565 [ INFO] ios.IOSDevice.viewHierarchy: Requesting view hierarchy of the screen
09:53:41.862 [TRACE] ios.xctest.XCTestIOSDevice.invoke: Depth received: 31
09:53:41.862 [ INFO] ios.IOSDevice.viewHierarchy: Depth of the screen is 31
09:53:41.863 [ INFO] maestro.cli.runner.MaestroCommandRunner.invoke: Tap on (Optional) "Close" metadata CommandMetadata(numberOfRuns=null, evaluatedCommand=MaestroCommand(tapOnElementCommand=TapOnElementCommand(selector=ElementSelector(textRegex=Close, idRegex=null, size=null, below=null, above=null, leftOf=null, rightOf=null, containsChild=null, containsDescendants=null, traits=null, index=null, enabled=null, optional=true, selected=null, checked=null, focused=null, childOf=null), retryIfNoChange=true, waitUntilVisible=false, longPress=false, repeat=null, waitToSettleTimeoutMs=null, label=null, optional=true)), logMessages=[], insight=Insight(message=, level=NONE))
09:53:41.987 [ INFO] ios.xctest.XCTestIOSDevice.invoke: Device info DeviceInfo(widthPixels=1488, heightPixels=2266, widthPoints=744, heightPoints=1133)
09:53:41.988 [ INFO] ios.IOSDevice.viewHierarchy: Requesting view hierarchy of the screen
09:53:42.286 [TRACE] ios.xctest.XCTestIOSDevice.invoke: Depth received: 31
09:53:42.286 [ INFO] ios.IOSDevice.viewHierarchy: Depth of the screen is 31
09:53:42.286 [ INFO] maestro.cli.runner.MaestroCommandRunner.invoke: Tap on (Optional) "Close" metadata CommandMetadata(numberOfRuns=null, evaluatedCommand=MaestroCommand(tapOnElementCommand=TapOnElementCommand(selector=ElementSelector(textRegex=Close, idRegex=null, size=null, below=null, above=null, leftOf=null, rightOf=null, containsChild=null, containsDescendants=null, traits=null, index=null, enabled=null, optional=true, selected=null, checked=null, focused=null, childOf=null), retryIfNoChange=true, waitUntilVisible=false, longPress=false, repeat=null, waitToSettleTimeoutMs=null, label=null, optional=true)), logMessages=[], insight=Insight(message=, level=NONE))
09:53:42.409 [ INFO] ios.xctest.XCTestIOSDevice.invoke: Device info DeviceInfo(widthPixels=1488, heightPixels=2266, widthPoints=744, heightPoints=1133)
09:53:42.409 [ INFO] ios.IOSDevice.viewHierarchy: Requesting view hierarchy of the screen
09:53:42.705 [TRACE] ios.xctest.XCTestIOSDevice.invoke: Depth received: 31
09:53:42.705 [ INFO] ios.IOSDevice.viewHierarchy: Depth of the screen is 31
09:53:42.706 [ INFO] maestro.cli.runner.MaestroCommandRunner.invoke: Tap on (Optional) "Close" metadata CommandMetadata(numberOfRuns=null, evaluatedCommand=MaestroCommand(tapOnElementCommand=TapOnElementCommand(selector=ElementSelector(textRegex=Close, idRegex=null, size=null, below=null, above=null, leftOf=null, rightOf=null, containsChild=null, containsDescendants=null, traits=null, index=null, enabled=null, optional=true, selected=null, checked=null, focused=null, childOf=null), retryIfNoChange=true, waitUntilVisible=false, longPress=false, repeat=null, waitToSettleTimeoutMs=null, label=null, optional=true)), logMessages=[], insight=Insight(message=, level=NONE))
09:53:42.825 [ INFO] ios.xctest.XCTestIOSDevice.invoke: Device info DeviceInfo(widthPixels=1488, heightPixels=2266, widthPoints=744, heightPoints=1133)
09:53:42.825 [ INFO] ios.IOSDevice.viewHierarchy: Requesting view hierarchy of the screen
09:53:43.124 [TRACE] ios.xctest.XCTestIOSDevice.invoke: Depth received: 31
09:53:43.125 [ INFO] ios.IOSDevice.viewHierarchy: Depth of the screen is 31
09:53:43.125 [ INFO] maestro.cli.runner.MaestroCommandRunner.invoke: Tap on (Optional) "Close" metadata CommandMetadata(numberOfRuns=null, evaluatedCommand=MaestroCommand(tapOnElementCommand=TapOnElementCommand(selector=ElementSelector(textRegex=Close, idRegex=null, size=null, below=null, above=null, leftOf=null, rightOf=null, containsChild=null, containsDescendants=null, traits=null, index=null, enabled=null, optional=true, selected=null, checked=null, focused=null, childOf=null), retryIfNoChange=true, waitUntilVisible=false, longPress=false, repeat=null, waitToSettleTimeoutMs=null, label=null, optional=true)), logMessages=[], insight=Insight(message=, level=NONE))
09:53:43.246 [ INFO] ios.xctest.XCTestIOSDevice.invoke: Device info DeviceInfo(widthPixels=1488, heightPixels=2266, widthPoints=744, heightPoints=1133)
09:53:43.246 [ INFO] ios.IOSDevice.viewHierarchy: Requesting view hierarchy of the screen
09:53:43.555 [TRACE] ios.xctest.XCTestIOSDevice.invoke: Depth received: 31
09:53:43.555 [ INFO] ios.IOSDevice.viewHierarchy: Depth of the screen is 31
09:53:43.555 [ INFO] maestro.cli.runner.MaestroCommandRunner.invoke: Tap on (Optional) "Close" metadata CommandMetadata(numberOfRuns=null, evaluatedCommand=MaestroCommand(tapOnElementCommand=TapOnElementCommand(selector=ElementSelector(textRegex=Close, idRegex=null, size=null, below=null, above=null, leftOf=null, rightOf=null, containsChild=null, containsDescendants=null, traits=null, index=null, enabled=null, optional=true, selected=null, checked=null, focused=null, childOf=null), retryIfNoChange=true, waitUntilVisible=false, longPress=false, repeat=null, waitToSettleTimeoutMs=null, label=null, optional=true)), logMessages=[], insight=Insight(message=, level=NONE))
09:53:43.679 [ INFO] ios.xctest.XCTestIOSDevice.invoke: Device info DeviceInfo(widthPixels=1488, heightPixels=2266, widthPoints=744, heightPoints=1133)
09:53:43.679 [ INFO] ios.IOSDevice.viewHierarchy: Requesting view hierarchy of the screen
09:53:43.996 [TRACE] ios.xctest.XCTestIOSDevice.invoke: Depth received: 31
09:53:43.996 [ INFO] ios.IOSDevice.viewHierarchy: Depth of the screen is 31
09:53:43.997 [ INFO] maestro.cli.runner.MaestroCommandRunner.invoke: Tap on (Optional) "Close" metadata CommandMetadata(numberOfRuns=null, evaluatedCommand=MaestroCommand(tapOnElementCommand=TapOnElementCommand(selector=ElementSelector(textRegex=Close, idRegex=null, size=null, below=null, above=null, leftOf=null, rightOf=null, containsChild=null, containsDescendants=null, traits=null, index=null, enabled=null, optional=true, selected=null, checked=null, focused=null, childOf=null), retryIfNoChange=true, waitUntilVisible=false, longPress=false, repeat=null, waitToSettleTimeoutMs=null, label=null, optional=true)), logMessages=[], insight=Insight(message=, level=NONE))
09:53:44.083 [ INFO] ios.xctest.XCTestIOSDevice.invoke: Device info DeviceInfo(widthPixels=1488, heightPixels=2266, widthPoints=744, heightPoints=1133)
09:53:44.083 [ INFO] ios.IOSDevice.viewHierarchy: Requesting view hierarchy of the screen
09:53:44.407 [TRACE] ios.xctest.XCTestIOSDevice.invoke: Depth received: 31
09:53:44.407 [ INFO] ios.IOSDevice.viewHierarchy: Depth of the screen is 31
09:53:44.407 [ INFO] maestro.cli.runner.MaestroCommandRunner.invoke: Tap on (Optional) "Close" metadata CommandMetadata(numberOfRuns=null, evaluatedCommand=MaestroCommand(tapOnElementCommand=TapOnElementCommand(selector=ElementSelector(textRegex=Close, idRegex=null, size=null, below=null, above=null, leftOf=null, rightOf=null, containsChild=null, containsDescendants=null, traits=null, index=null, enabled=null, optional=true, selected=null, checked=null, focused=null, childOf=null), retryIfNoChange=true, waitUntilVisible=false, longPress=false, repeat=null, waitToSettleTimeoutMs=null, label=null, optional=true)), logMessages=[], insight=Insight(message=, level=NONE))
09:53:44.520 [ INFO] ios.xctest.XCTestIOSDevice.invoke: Device info DeviceInfo(widthPixels=1488, heightPixels=2266, widthPoints=744, heightPoints=1133)
09:53:44.520 [ INFO] ios.IOSDevice.viewHierarchy: Requesting view hierarchy of the screen
09:53:44.833 [TRACE] ios.xctest.XCTestIOSDevice.invoke: Depth received: 31
09:53:44.833 [ INFO] ios.IOSDevice.viewHierarchy: Depth of the screen is 31
09:53:44.833 [ INFO] maestro.cli.runner.MaestroCommandRunner.invoke: Tap on (Optional) "Close" metadata CommandMetadata(numberOfRuns=null, evaluatedCommand=MaestroCommand(tapOnElementCommand=TapOnElementCommand(selector=ElementSelector(textRegex=Close, idRegex=null, size=null, below=null, above=null, leftOf=null, rightOf=null, containsChild=null, containsDescendants=null, traits=null, index=null, enabled=null, optional=true, selected=null, checked=null, focused=null, childOf=null), retryIfNoChange=true, waitUntilVisible=false, longPress=false, repeat=null, waitToSettleTimeoutMs=null, label=null, optional=true)), logMessages=[], insight=Insight(message=, level=NONE))
09:53:44.942 [ INFO] ios.xctest.XCTestIOSDevice.invoke: Device info DeviceInfo(widthPixels=1488, heightPixels=2266, widthPoints=744, heightPoints=1133)
09:53:44.942 [ INFO] ios.IOSDevice.viewHierarchy: Requesting view hierarchy of the screen
09:53:45.259 [TRACE] ios.xctest.XCTestIOSDevice.invoke: Depth received: 31
09:53:45.259 [ INFO] ios.IOSDevice.viewHierarchy: Depth of the screen is 31
09:53:45.259 [ INFO] maestro.cli.runner.MaestroCommandRunner.invoke: Tap on (Optional) "Close" metadata CommandMetadata(numberOfRuns=null, evaluatedCommand=MaestroCommand(tapOnElementCommand=TapOnElementCommand(selector=ElementSelector(textRegex=Close, idRegex=null, size=null, below=null, above=null, leftOf=null, rightOf=null, containsChild=null, containsDescendants=null, traits=null, index=null, enabled=null, optional=true, selected=null, checked=null, focused=null, childOf=null), retryIfNoChange=true, waitUntilVisible=false, longPress=false, repeat=null, waitToSettleTimeoutMs=null, label=null, optional=true)), logMessages=[], insight=Insight(message=, level=NONE))
09:53:45.362 [ INFO] ios.xctest.XCTestIOSDevice.invoke: Device info DeviceInfo(widthPixels=1488, heightPixels=2266, widthPoints=744, heightPoints=1133)
09:53:45.362 [ INFO] ios.IOSDevice.viewHierarchy: Requesting view hierarchy of the screen
09:53:45.678 [TRACE] ios.xctest.XCTestIOSDevice.invoke: Depth received: 31
09:53:45.678 [ INFO] ios.IOSDevice.viewHierarchy: Depth of the screen is 31
09:53:45.678 [ INFO] maestro.cli.runner.MaestroCommandRunner.invoke: Tap on (Optional) "Close" metadata CommandMetadata(numberOfRuns=null, evaluatedCommand=MaestroCommand(tapOnElementCommand=TapOnElementCommand(selector=ElementSelector(textRegex=Close, idRegex=null, size=null, below=null, above=null, leftOf=null, rightOf=null, containsChild=null, containsDescendants=null, traits=null, index=null, enabled=null, optional=true, selected=null, checked=null, focused=null, childOf=null), retryIfNoChange=true, waitUntilVisible=false, longPress=false, repeat=null, waitToSettleTimeoutMs=null, label=null, optional=true)), logMessages=[], insight=Insight(message=, level=NONE))
09:53:45.798 [ INFO] ios.xctest.XCTestIOSDevice.invoke: Device info DeviceInfo(widthPixels=1488, heightPixels=2266, widthPoints=744, heightPoints=1133)
09:53:45.799 [ INFO] ios.IOSDevice.viewHierarchy: Requesting view hierarchy of the screen
09:53:46.104 [TRACE] ios.xctest.XCTestIOSDevice.invoke: Depth received: 31
09:53:46.104 [ INFO] ios.IOSDevice.viewHierarchy: Depth of the screen is 31
09:53:46.104 [ INFO] maestro.cli.runner.MaestroCommandRunner.invoke: Tap on (Optional) "Close" metadata CommandMetadata(numberOfRuns=null, evaluatedCommand=MaestroCommand(tapOnElementCommand=TapOnElementCommand(selector=ElementSelector(textRegex=Close, idRegex=null, size=null, below=null, above=null, leftOf=null, rightOf=null, containsChild=null, containsDescendants=null, traits=null, index=null, enabled=null, optional=true, selected=null, checked=null, focused=null, childOf=null), retryIfNoChange=true, waitUntilVisible=false, longPress=false, repeat=null, waitToSettleTimeoutMs=null, label=null, optional=true)), logMessages=[], insight=Insight(message=, level=NONE))
09:53:46.220 [ INFO] ios.xctest.XCTestIOSDevice.invoke: Device info DeviceInfo(widthPixels=1488, heightPixels=2266, widthPoints=744, heightPoints=1133)
09:53:46.220 [ INFO] ios.IOSDevice.viewHierarchy: Requesting view hierarchy of the screen
09:53:46.536 [TRACE] ios.xctest.XCTestIOSDevice.invoke: Depth received: 31
09:53:46.537 [ INFO] ios.IOSDevice.viewHierarchy: Depth of the screen is 31
09:53:46.537 [ INFO] maestro.cli.runner.MaestroCommandRunner.invoke: Tap on (Optional) "Close" metadata CommandMetadata(numberOfRuns=null, evaluatedCommand=MaestroCommand(tapOnElementCommand=TapOnElementCommand(selector=ElementSelector(textRegex=Close, idRegex=null, size=null, below=null, above=null, leftOf=null, rightOf=null, containsChild=null, containsDescendants=null, traits=null, index=null, enabled=null, optional=true, selected=null, checked=null, focused=null, childOf=null), retryIfNoChange=true, waitUntilVisible=false, longPress=false, repeat=null, waitToSettleTimeoutMs=null, label=null, optional=true)), logMessages=[], insight=Insight(message=, level=NONE))
09:53:46.644 [ INFO] ios.xctest.XCTestIOSDevice.invoke: Device info DeviceInfo(widthPixels=1488, heightPixels=2266, widthPoints=744, heightPoints=1133)
09:53:46.644 [ INFO] ios.IOSDevice.viewHierarchy: Requesting view hierarchy of the screen
09:53:46.966 [TRACE] ios.xctest.XCTestIOSDevice.invoke: Depth received: 31
09:53:46.966 [ INFO] ios.IOSDevice.viewHierarchy: Depth of the screen is 31
09:53:46.966 [ INFO] maestro.cli.runner.MaestroCommandRunner.invoke: Tap on (Optional) "Close" metadata CommandMetadata(numberOfRuns=null, evaluatedCommand=MaestroCommand(tapOnElementCommand=TapOnElementCommand(selector=ElementSelector(textRegex=Close, idRegex=null, size=null, below=null, above=null, leftOf=null, rightOf=null, containsChild=null, containsDescendants=null, traits=null, index=null, enabled=null, optional=true, selected=null, checked=null, focused=null, childOf=null), retryIfNoChange=true, waitUntilVisible=false, longPress=false, repeat=null, waitToSettleTimeoutMs=null, label=null, optional=true)), logMessages=[], insight=Insight(message=, level=NONE))
09:53:47.067 [ INFO] ios.xctest.XCTestIOSDevice.invoke: Device info DeviceInfo(widthPixels=1488, heightPixels=2266, widthPoints=744, heightPoints=1133)
09:53:47.067 [ INFO] ios.IOSDevice.viewHierarchy: Requesting view hierarchy of the screen
09:53:47.377 [TRACE] ios.xctest.XCTestIOSDevice.invoke: Depth received: 31
09:53:47.377 [ INFO] ios.IOSDevice.viewHierarchy: Depth of the screen is 31
09:53:47.377 [ INFO] maestro.cli.runner.MaestroCommandRunner.invoke: Tap on (Optional) "Close" metadata CommandMetadata(numberOfRuns=null, evaluatedCommand=MaestroCommand(tapOnElementCommand=TapOnElementCommand(selector=ElementSelector(textRegex=Close, idRegex=null, size=null, below=null, above=null, leftOf=null, rightOf=null, containsChild=null, containsDescendants=null, traits=null, index=null, enabled=null, optional=true, selected=null, checked=null, focused=null, childOf=null), retryIfNoChange=true, waitUntilVisible=false, longPress=false, repeat=null, waitToSettleTimeoutMs=null, label=null, optional=true)), logMessages=[], insight=Insight(message=, level=NONE))
09:53:47.483 [ INFO] ios.xctest.XCTestIOSDevice.invoke: Device info DeviceInfo(widthPixels=1488, heightPixels=2266, widthPoints=744, heightPoints=1133)
09:53:47.483 [ INFO] ios.IOSDevice.viewHierarchy: Requesting view hierarchy of the screen
09:53:47.816 [TRACE] ios.xctest.XCTestIOSDevice.invoke: Depth received: 31
09:53:47.816 [ INFO] ios.IOSDevice.viewHierarchy: Depth of the screen is 31
09:53:47.816 [ INFO] maestro.cli.runner.MaestroCommandRunner.invoke: Tap on (Optional) "Close" metadata CommandMetadata(numberOfRuns=null, evaluatedCommand=MaestroCommand(tapOnElementCommand=TapOnElementCommand(selector=ElementSelector(textRegex=Close, idRegex=null, size=null, below=null, above=null, leftOf=null, rightOf=null, containsChild=null, containsDescendants=null, traits=null, index=null, enabled=null, optional=true, selected=null, checked=null, focused=null, childOf=null), retryIfNoChange=true, waitUntilVisible=false, longPress=false, repeat=null, waitToSettleTimeoutMs=null, label=null, optional=true)), logMessages=[], insight=Insight(message=, level=NONE))
09:53:47.903 [ INFO] ios.xctest.XCTestIOSDevice.invoke: Device info DeviceInfo(widthPixels=1488, heightPixels=2266, widthPoints=744, heightPoints=1133)
09:53:47.904 [ INFO] ios.IOSDevice.viewHierarchy: Requesting view hierarchy of the screen
09:53:48.218 [TRACE] ios.xctest.XCTestIOSDevice.invoke: Depth received: 31
09:53:48.218 [ INFO] ios.IOSDevice.viewHierarchy: Depth of the screen is 31
09:53:48.218 [ INFO] maestro.cli.runner.MaestroCommandRunner.invoke: Tap on (Optional) "Close" metadata CommandMetadata(numberOfRuns=null, evaluatedCommand=MaestroCommand(tapOnElementCommand=TapOnElementCommand(selector=ElementSelector(textRegex=Close, idRegex=null, size=null, below=null, above=null, leftOf=null, rightOf=null, containsChild=null, containsDescendants=null, traits=null, index=null, enabled=null, optional=true, selected=null, checked=null, focused=null, childOf=null), retryIfNoChange=true, waitUntilVisible=false, longPress=false, repeat=null, waitToSettleTimeoutMs=null, label=null, optional=true)), logMessages=[], insight=Insight(message=, level=NONE))
09:53:48.219 [ INFO] maestro.cli.runner.MaestroCommandRunner.invoke: Tap on (Optional) "Close" metadata CommandMetadata(numberOfRuns=null, evaluatedCommand=MaestroCommand(tapOnElementCommand=TapOnElementCommand(selector=ElementSelector(textRegex=Close, idRegex=null, size=null, below=null, above=null, leftOf=null, rightOf=null, containsChild=null, containsDescendants=null, traits=null, index=null, enabled=null, optional=true, selected=null, checked=null, focused=null, childOf=null), retryIfNoChange=true, waitUntilVisible=false, longPress=false, repeat=null, waitToSettleTimeoutMs=null, label=null, optional=true)), logMessages=[], insight=Insight(message=Element not found: Text matching regex: Close, level=WARNING))
09:53:48.219 [ INFO] maestro.cli.runner.MaestroCommandRunner.invoke: Tap on (Optional) "Close" WARNED
09:53:48.220 [ INFO] maestro.Maestro.takeScreenshot: Taking screenshot
09:53:48.221 [TRACE] maestro.utils.ScreenshotUtils.takeScreenshot: Taking screenshot to output sink
09:53:48.416 [ INFO] maestro.cli.runner.MaestroCommandRunner.invoke: Assert that "Tasks" is visible RUNNING
09:53:48.416 [ INFO] maestro.cli.runner.MaestroCommandRunner.invoke: Assert that "Tasks" is visible metadata CommandMetadata(numberOfRuns=null, evaluatedCommand=MaestroCommand(assertConditionCommand=AssertConditionCommand(condition=Condition(platform=null, visible=ElementSelector(textRegex=Tasks, idRegex=null, size=null, below=null, above=null, leftOf=null, rightOf=null, containsChild=null, containsDescendants=null, traits=null, index=null, enabled=null, optional=false, selected=null, checked=null, focused=null, childOf=null), notVisible=null, scriptCondition=null, label=null), timeout=30000, label=null, optional=false)), logMessages=[], insight=Insight(message=, level=NONE))
09:53:48.528 [ INFO] ios.xctest.XCTestIOSDevice.invoke: Device info DeviceInfo(widthPixels=1488, heightPixels=2266, widthPoints=744, heightPoints=1133)
09:53:48.528 [ INFO] ios.IOSDevice.viewHierarchy: Requesting view hierarchy of the screen
09:53:48.848 [TRACE] ios.xctest.XCTestIOSDevice.invoke: Depth received: 31
09:53:48.848 [ INFO] ios.IOSDevice.viewHierarchy: Depth of the screen is 31
09:53:48.848 [ INFO] maestro.cli.runner.MaestroCommandRunner.invoke: Assert that "Tasks" is visible metadata CommandMetadata(numberOfRuns=null, evaluatedCommand=MaestroCommand(assertConditionCommand=AssertConditionCommand(condition=Condition(platform=null, visible=ElementSelector(textRegex=Tasks, idRegex=null, size=null, below=null, above=null, leftOf=null, rightOf=null, containsChild=null, containsDescendants=null, traits=null, index=null, enabled=null, optional=false, selected=null, checked=null, focused=null, childOf=null), notVisible=null, scriptCondition=null, label=null), timeout=30000, label=null, optional=false)), logMessages=[], insight=Insight(message=, level=NONE))
09:53:48.849 [ INFO] maestro.cli.runner.MaestroCommandRunner.invoke: Assert that "Tasks" is visible COMPLETED
09:53:48.849 [ INFO] maestro.cli.runner.MaestroCommandRunner.invoke: Assert that "Tasks" is visible RUNNING
09:53:48.849 [ INFO] maestro.cli.runner.MaestroCommandRunner.invoke: Assert that "Tasks" is visible metadata CommandMetadata(numberOfRuns=null, evaluatedCommand=MaestroCommand(assertConditionCommand=AssertConditionCommand(condition=Condition(platform=null, visible=ElementSelector(textRegex=Tasks, idRegex=null, size=null, below=null, above=null, leftOf=null, rightOf=null, containsChild=null, containsDescendants=null, traits=null, index=null, enabled=null, optional=false, selected=null, checked=null, focused=null, childOf=null), notVisible=null, scriptCondition=null, label=null), timeout=null, label=null, optional=false)), logMessages=[], insight=Insight(message=, level=NONE))
09:53:48.952 [ INFO] ios.xctest.XCTestIOSDevice.invoke: Device info DeviceInfo(widthPixels=1488, heightPixels=2266, widthPoints=744, heightPoints=1133)
09:53:48.952 [ INFO] ios.IOSDevice.viewHierarchy: Requesting view hierarchy of the screen
09:53:49.265 [TRACE] ios.xctest.XCTestIOSDevice.invoke: Depth received: 31
09:53:49.265 [ INFO] ios.IOSDevice.viewHierarchy: Depth of the screen is 31
09:53:49.265 [ INFO] maestro.cli.runner.MaestroCommandRunner.invoke: Assert that "Tasks" is visible metadata CommandMetadata(numberOfRuns=null, evaluatedCommand=MaestroCommand(assertConditionCommand=AssertConditionCommand(condition=Condition(platform=null, visible=ElementSelector(textRegex=Tasks, idRegex=null, size=null, below=null, above=null, leftOf=null, rightOf=null, containsChild=null, containsDescendants=null, traits=null, index=null, enabled=null, optional=false, selected=null, checked=null, focused=null, childOf=null), notVisible=null, scriptCondition=null, label=null), timeout=null, label=null, optional=false)), logMessages=[], insight=Insight(message=, level=NONE))
09:53:49.266 [ INFO] maestro.cli.runner.MaestroCommandRunner.invoke: Assert that "Tasks" is visible COMPLETED
09:53:49.266 [ INFO] maestro.cli.runner.MaestroCommandRunner.invoke: Assert that "Operations" is visible RUNNING
09:53:49.266 [ INFO] maestro.cli.runner.MaestroCommandRunner.invoke: Assert that "Operations" is visible metadata CommandMetadata(numberOfRuns=null, evaluatedCommand=MaestroCommand(assertConditionCommand=AssertConditionCommand(condition=Condition(platform=null, visible=ElementSelector(textRegex=Operations, idRegex=null, size=null, below=null, above=null, leftOf=null, rightOf=null, containsChild=null, containsDescendants=null, traits=null, index=null, enabled=null, optional=false, selected=null, checked=null, focused=null, childOf=null), notVisible=null, scriptCondition=null, label=null), timeout=null, label=null, optional=false)), logMessages=[], insight=Insight(message=, level=NONE))
09:53:49.375 [ INFO] ios.xctest.XCTestIOSDevice.invoke: Device info DeviceInfo(widthPixels=1488, heightPixels=2266, widthPoints=744, heightPoints=1133)
09:53:49.375 [ INFO] ios.IOSDevice.viewHierarchy: Requesting view hierarchy of the screen
09:53:49.691 [TRACE] ios.xctest.XCTestIOSDevice.invoke: Depth received: 31
09:53:49.692 [ INFO] ios.IOSDevice.viewHierarchy: Depth of the screen is 31
09:53:49.692 [ INFO] maestro.cli.runner.MaestroCommandRunner.invoke: Assert that "Operations" is visible metadata CommandMetadata(numberOfRuns=null, evaluatedCommand=MaestroCommand(assertConditionCommand=AssertConditionCommand(condition=Condition(platform=null, visible=ElementSelector(textRegex=Operations, idRegex=null, size=null, below=null, above=null, leftOf=null, rightOf=null, containsChild=null, containsDescendants=null, traits=null, index=null, enabled=null, optional=false, selected=null, checked=null, focused=null, childOf=null), notVisible=null, scriptCondition=null, label=null), timeout=null, label=null, optional=false)), logMessages=[], insight=Insight(message=, level=NONE))
09:53:49.692 [ INFO] maestro.cli.runner.MaestroCommandRunner.invoke: Assert that "Operations" is visible COMPLETED
09:53:49.692 [ INFO] maestro.cli.runner.MaestroCommandRunner.invoke: Assert that "Recently Completed" is visible RUNNING
09:53:49.692 [ INFO] maestro.cli.runner.MaestroCommandRunner.invoke: Assert that "Recently Completed" is visible metadata CommandMetadata(numberOfRuns=null, evaluatedCommand=MaestroCommand(assertConditionCommand=AssertConditionCommand(condition=Condition(platform=null, visible=ElementSelector(textRegex=Recently Completed, idRegex=null, size=null, below=null, above=null, leftOf=null, rightOf=null, containsChild=null, containsDescendants=null, traits=null, index=null, enabled=null, optional=false, selected=null, checked=null, focused=null, childOf=null), notVisible=null, scriptCondition=null, label=null), timeout=null, label=null, optional=false)), logMessages=[], insight=Insight(message=, level=NONE))
09:53:49.804 [ INFO] ios.xctest.XCTestIOSDevice.invoke: Device info DeviceInfo(widthPixels=1488, heightPixels=2266, widthPoints=744, heightPoints=1133)
09:53:49.804 [ INFO] ios.IOSDevice.viewHierarchy: Requesting view hierarchy of the screen
09:53:50.119 [TRACE] ios.xctest.XCTestIOSDevice.invoke: Depth received: 31
09:53:50.119 [ INFO] ios.IOSDevice.viewHierarchy: Depth of the screen is 31
09:53:50.119 [ INFO] maestro.cli.runner.MaestroCommandRunner.invoke: Assert that "Recently Completed" is visible metadata CommandMetadata(numberOfRuns=null, evaluatedCommand=MaestroCommand(assertConditionCommand=AssertConditionCommand(condition=Condition(platform=null, visible=ElementSelector(textRegex=Recently Completed, idRegex=null, size=null, below=null, above=null, leftOf=null, rightOf=null, containsChild=null, containsDescendants=null, traits=null, index=null, enabled=null, optional=false, selected=null, checked=null, focused=null, childOf=null), notVisible=null, scriptCondition=null, label=null), timeout=null, label=null, optional=false)), logMessages=[], insight=Insight(message=, level=NONE))
09:53:50.119 [ INFO] maestro.cli.runner.MaestroCommandRunner.invoke: Assert that "Recently Completed" is visible COMPLETED
09:53:50.120 [ INFO] maestro.cli.runner.MaestroCommandRunner.invoke: Take screenshot screenshots/05-tablet-planning-shell RUNNING
09:53:50.120 [ INFO] maestro.cli.runner.MaestroCommandRunner.invoke: Take screenshot screenshots/05-tablet-planning-shell metadata CommandMetadata(numberOfRuns=null, evaluatedCommand=MaestroCommand(takeScreenshotCommand=TakeScreenshotCommand(path=screenshots/05-tablet-planning-shell, label=null, optional=false)), logMessages=[], insight=Insight(message=, level=NONE))
09:53:50.120 [ INFO] maestro.Maestro.takeScreenshot: Taking screenshot to a file: screenshots/05-tablet-planning-shell.png
09:53:50.122 [TRACE] maestro.utils.ScreenshotUtils.takeScreenshot: Taking screenshot to output sink
09:53:50.320 [ INFO] maestro.cli.runner.MaestroCommandRunner.invoke: Take screenshot screenshots/05-tablet-planning-shell COMPLETED
09:53:50.649 [ INFO] xcuitest.installer.LocalXCTestInstaller.close: [Start] Cleaning up the ui test runner files
09:53:50.687 [TRACE] xcuitest.installer.LocalXCTestInstaller.uninstall$killXCTestRunnerProcess: Will attempt to stop all alive XCTest Runner processes before uninstalling
09:53:50.687 [TRACE] xcuitest.installer.LocalXCTestInstaller.uninstall$killXCTestRunnerProcess: XCTest Runner process started by us is alive, killing it
09:53:51.577 [TRACE] xcuitest.installer.LocalXCTestInstaller.uninstall$killXCTestRunnerProcess: All XCTest Runner processes were stopped
09:53:51.578 [TRACE] xcuitest.installer.LocalXCTestInstaller.uninstall: Uninstalling XCTest Runner from device 29E3C0AA-B0B8-4FD8-ABAF-608FE055D6FB
09:53:51.578 [ INFO] util.CommandLineUtils.runCommand: Running command line operation: [xcrun, simctl, uninstall, 29E3C0AA-B0B8-4FD8-ABAF-608FE055D6FB, dev.mobile.maestro-driver-iosUITests.xctrunner]
09:53:51.765 [ INFO] xcuitest.installer.LocalXCTestInstaller.close: [Done] Cleaning up the ui test runner files
